<?xml version="1.0" encoding="UTF-8"?>
<!-- Generated by org.testng.reporters.JUnitXMLReporter -->
<testsuite ignored="0" hostname="Balaji" failures="0" tests="1" name="Login UI Test" time="0.084" errors="0" timestamp="2022-09-03T12:33:41 IST">
  <testcase classname="com.aurionpro.base.AutomationWrapper" name="@BeforeMethod setup" time="-1.662188621131E9">
    <failure type="org.testng.TestNGException" message="
Parameter &amp;apos;browser&amp;apos; is required by BeforeMethod on method setup but has not been marked @Optional or defined
in D:\Mine\Company\Pragati\automation_workspace\OpenEMRAutomation\testng.xml">
      <![CDATA[org.testng.TestNGException: 
Parameter 'browser' is required by BeforeMethod on method setup but has not been marked @Optional or defined
in D:\Mine\Company\Pragati\automation_workspace\OpenEMRAutomation\testng.xml
at java.base/java.util.ArrayList.forEach(ArrayList.java:1511)
... Removed 28 stack frames]]>
    </failure>
  </testcase> <!-- @BeforeMethod setup -->
  <testcase classname="com.aurionpro.base.AutomationWrapper" name="@AfterMethod teardown" time="0.0">
    <skipped/>
  </testcase> <!-- @AfterMethod teardown -->
  <testcase classname="com.aurionpro.test.LoginUserInterfaceTest" name="applicationDescTest" time="0.0">
    <skipped/>
  </testcase> <!-- applicationDescTest -->
</testsuite> <!-- Login UI Test -->
